[2024-01-10T10:26:24.966] [ERROR] error - error at: qrisDinamicInquiry => Transaction Not Found. Invalid Number
[2024-01-10T10:26:24.971] [ERROR] error - CustomError: Transaction Not Found. Invalid Number
    at /home/lpse/BE/bank-monitoring/src/services/bri/v1/qris/index.ts:93:11
    at Generator.throw (<anonymous>)
    at rejected (/home/lpse/BE/bank-monitoring/src/services/bri/v1/qris/index.ts:29:65)
    at processTicksAndRejections (node:internal/process/task_queues:96:5) {
  code: 404,
  status: 'error'
}
[2024-01-10T10:26:31.070] [ERROR] error - error at: qrisDinamic => Duplicate partnerReferenceNo
[2024-01-10T10:26:31.071] [ERROR] error - CustomError: Duplicate partnerReferenceNo
    at /home/lpse/BE/bank-monitoring/src/services/bri/v1/qris/index.ts:157:11
    at Generator.throw (<anonymous>)
    at rejected (/home/lpse/BE/bank-monitoring/src/services/bri/v1/qris/index.ts:29:65)
    at processTicksAndRejections (node:internal/process/task_queues:96:5) {
  code: 404,
  status: 'error'
}
[2024-01-10T10:26:36.004] [ERROR] error - error at: balanceInquiry => Request failed with status code 401
[2024-01-10T10:26:36.005] [ERROR] error - CustomError: Request failed with status code 401
    at /home/lpse/BE/bank-monitoring/src/services/bri/v1/informational/index.ts:85:11
    at Generator.throw (<anonymous>)
    at rejected (/home/lpse/BE/bank-monitoring/src/services/bri/v1/informational/index.ts:29:65)
    at processTicksAndRejections (node:internal/process/task_queues:96:5) {
  code: 404,
  status: 'error'
}
[2024-01-10T10:26:38.985] [ERROR] error - error at: balanceInquiry => Request failed with status code 401
[2024-01-10T10:26:38.986] [ERROR] error - CustomError: Request failed with status code 401
    at /home/lpse/BE/bank-monitoring/src/services/bri/v1/informational/index.ts:85:11
    at Generator.throw (<anonymous>)
    at rejected (/home/lpse/BE/bank-monitoring/src/services/bri/v1/informational/index.ts:29:65)
    at processTicksAndRejections (node:internal/process/task_queues:96:5) {
  code: 404,
  status: 'error'
}
[2024-01-10T10:26:40.081] [ERROR] error - error at: balanceInquiry => Request failed with status code 401
[2024-01-10T10:26:40.082] [ERROR] error - CustomError: Request failed with status code 401
    at /home/lpse/BE/bank-monitoring/src/services/bri/v1/informational/index.ts:85:11
    at Generator.throw (<anonymous>)
    at rejected (/home/lpse/BE/bank-monitoring/src/services/bri/v1/informational/index.ts:29:65)
    at processTicksAndRejections (node:internal/process/task_queues:96:5) {
  code: 404,
  status: 'error'
}
[2024-01-10T10:26:41.111] [ERROR] error - error at: balanceInquiry => Request failed with status code 401
[2024-01-10T10:26:41.111] [ERROR] error - CustomError: Request failed with status code 401
    at /home/lpse/BE/bank-monitoring/src/services/bri/v1/informational/index.ts:85:11
    at Generator.throw (<anonymous>)
    at rejected (/home/lpse/BE/bank-monitoring/src/services/bri/v1/informational/index.ts:29:65)
    at processTicksAndRejections (node:internal/process/task_queues:96:5) {
  code: 404,
  status: 'error'
}
[2024-01-10T10:26:42.650] [ERROR] error - error at: balanceInquiry => Request failed with status code 401
[2024-01-10T10:26:42.651] [ERROR] error - CustomError: Request failed with status code 401
    at /home/lpse/BE/bank-monitoring/src/services/bri/v1/informational/index.ts:85:11
    at Generator.throw (<anonymous>)
    at rejected (/home/lpse/BE/bank-monitoring/src/services/bri/v1/informational/index.ts:29:65)
    at processTicksAndRejections (node:internal/process/task_queues:96:5) {
  code: 404,
  status: 'error'
}
[2024-01-10T10:26:55.190] [ERROR] error - error at: balanceInquiry => Request failed with status code 401
[2024-01-10T10:26:55.191] [ERROR] error - CustomError: Request failed with status code 401
    at /home/lpse/BE/bank-monitoring/src/services/bri/v1/informational/index.ts:85:11
    at Generator.throw (<anonymous>)
    at rejected (/home/lpse/BE/bank-monitoring/src/services/bri/v1/informational/index.ts:29:65)
    at processTicksAndRejections (node:internal/process/task_queues:96:5) {
  code: 404,
  status: 'error'
}
[2024-01-31T10:56:31.781] [ERROR] error - SERVER ERROR: Error: Environment variable DEV_PORT_SERVER is not defined.
[2024-01-31T10:57:10.322] [ERROR] error - SERVER ERROR: Error: Environment variable DEV_PORT_SERVER is not defined.
[2024-01-31T10:59:30.300] [ERROR] error - SERVER ERROR: Error: Environment variable DEV_PORT_SERVER is not defined.
[2024-01-31T11:01:32.608] [ERROR] error - SERVER ERROR: Error: Environment variable DEV_PORT_SERVER is not defined.
[2024-01-31T11:04:30.788] [ERROR] error - SERVER ERROR: Error: Environment variable DEV_PORT_SERVER is not defined.
[2024-01-31T11:05:52.827] [ERROR] error - SERVER ERROR: Error: Environment variable DEV_PORT_SERVER is not defined.
[2024-01-31T11:11:42.709] [ERROR] error - error debugger
[2024-01-31T11:11:49.000] [ERROR] error - error debugger
[2024-01-31T11:26:38.395] [ERROR] error - error debugger
[2024-01-31T11:26:39.711] [ERROR] error - error debugger
[2024-01-31T11:26:41.554] [ERROR] error - error debugger
[2024-01-31T11:26:42.343] [ERROR] error - error debugger
[2024-01-31T11:26:42.910] [ERROR] error - error debugger
[2024-01-31T11:26:43.532] [ERROR] error - error debugger
[2024-01-31T11:26:43.994] [ERROR] error - error debugger
[2024-01-31T11:27:11.755] [ERROR] error - error debugger
[2024-01-31T11:27:12.882] [ERROR] error - error debugger
[2024-01-31T11:27:13.789] [ERROR] error - error debugger
[2024-01-31T11:27:15.190] [ERROR] error - error debugger
[2024-01-31T11:27:16.119] [ERROR] error - error debugger
[2024-01-31T11:27:16.567] [ERROR] error - error debugger
[2024-01-31T11:27:17.237] [ERROR] error - error debugger
[2024-01-31T11:27:18.544] [ERROR] error - error debugger
[2024-01-31T11:29:57.086] [ERROR] error - testing error debugger [object Object],[object Object],[object Object],[object Object]
[2024-01-31T11:32:30.301] [ERROR] error - testing error debugger [object Object],[object Object],[object Object],[object Object]
[2024-01-31T11:32:31.195] [ERROR] error - testing error debugger [object Object],[object Object],[object Object],[object Object]
[2024-01-31T11:32:37.205] [ERROR] error - testing error debugger [object Object],[object Object],[object Object],[object Object],[object Object]
[2024-01-31T11:32:45.982] [ERROR] error - testing error debugger [object Object],[object Object],[object Object],[object Object],[object Object]
[2024-01-31T11:32:46.512] [ERROR] error - testing error debugger [object Object],[object Object],[object Object],[object Object],[object Object]
[2024-01-31T11:32:47.369] [ERROR] error - testing error debugger [object Object],[object Object],[object Object],[object Object],[object Object]
[2024-01-31T11:32:47.988] [ERROR] error - testing error debugger [object Object],[object Object],[object Object],[object Object],[object Object]
[2024-01-31T11:32:48.634] [ERROR] error - testing error debugger [object Object],[object Object],[object Object],[object Object],[object Object]
[2024-01-31T11:32:49.432] [ERROR] error - testing error debugger [object Object],[object Object],[object Object],[object Object],[object Object]
[2024-01-31T11:32:50.433] [ERROR] error - testing error debugger [object Object],[object Object],[object Object],[object Object],[object Object]
[2024-01-31T11:32:51.081] [ERROR] error - testing error debugger [object Object],[object Object],[object Object],[object Object],[object Object]
[2024-01-31T11:32:51.567] [ERROR] error - testing error debugger [object Object],[object Object],[object Object],[object Object],[object Object]
[2024-01-31T11:32:52.116] [ERROR] error - testing error debugger [object Object],[object Object],[object Object],[object Object],[object Object]
